************* Module contents
C: 48, 0: Unnecessary parens after 'print' keyword (superfluous-parens)
W:137, 0: Anomalous backslash in string: '\s'. String constant might be missing an r prefix. (anomalous-backslash-in-string)
W:171, 0: Anomalous backslash in string: '\s'. String constant might be missing an r prefix. (anomalous-backslash-in-string)


Report
======
92 statements analysed.

Messages by category
--------------------

+-----------+-------+---------+-----------+
|type       |number |previous |difference |
+===========+=======+=========+===========+
|convention |1      |1        |=          |
+-----------+-------+---------+-----------+
|refactor   |0      |0        |=          |
+-----------+-------+---------+-----------+
|warning    |2      |2        |=          |
+-----------+-------+---------+-----------+
|error      |0      |0        |=          |
+-----------+-------+---------+-----------+



Messages
--------

+------------------------------+------------+
|message id                    |occurrences |
+==============================+============+
|anomalous-backslash-in-string |2           |
+------------------------------+------------+
|superfluous-parens            |1           |
+------------------------------+------------+



Global evaluation
-----------------
Your code has been rated at 9.67/10 (previous run: 9.67/10, +0.00)

Statistics by type
------------------

+---------+-------+-----------+-----------+------------+---------+
|type     |number |old number |difference |%documented |%badname |
+=========+=======+===========+===========+============+=========+
|module   |1      |1          |=          |100.00      |0.00     |
+---------+-------+-----------+-----------+------------+---------+
|class    |0      |0          |=          |0           |0        |
+---------+-------+-----------+-----------+------------+---------+
|method   |0      |0          |=          |0           |0        |
+---------+-------+-----------+-----------+------------+---------+
|function |7      |7          |=          |100.00      |0.00     |
+---------+-------+-----------+-----------+------------+---------+



Raw metrics
-----------

+----------+-------+------+---------+-----------+
|type      |number |%     |previous |difference |
+==========+=======+======+=========+===========+
|code      |147    |53.45 |147      |=          |
+----------+-------+------+---------+-----------+
|docstring |43     |15.64 |43       |=          |
+----------+-------+------+---------+-----------+
|comment   |58     |21.09 |61       |-3.00      |
+----------+-------+------+---------+-----------+
|empty     |27     |9.82  |27       |=          |
+----------+-------+------+---------+-----------+



Duplication
-----------

+-------------------------+------+---------+-----------+
|                         |now   |previous |difference |
+=========================+======+=========+===========+
|nb duplicated lines      |0     |0        |=          |
+-------------------------+------+---------+-----------+
|percent duplicated lines |0.000 |0.000    |=          |
+-------------------------+------+---------+-----------+



