Notice: Output directory `./docs/doxygen' does not exist. I have created it for you.
Searching for include files...
Searching for example files...
Searching for images...
Searching for dot files...
Searching for msc files...
Searching for dia files...
Searching for files to exclude
Searching for files to process...
Searching for files in directory /home/qwer/git/cyclops/fvafrcu/contents/contents
Searching for files in directory /home/qwer/git/cyclops/fvafrcu/contents/contents/__pycache__
Reading and parsing tag files
Parsing files
Reading /home/qwer/git/cyclops/fvafrcu/contents/contents/__init__.py...
Parsing file /home/qwer/git/cyclops/fvafrcu/contents/contents/__init__.py...
Reading /home/qwer/git/cyclops/fvafrcu/contents/contents/contents.py...
Parsing file /home/qwer/git/cyclops/fvafrcu/contents/contents/contents.py...
Reading /home/qwer/git/cyclops/fvafrcu/contents/contents/os.py...
Parsing file /home/qwer/git/cyclops/fvafrcu/contents/contents/os.py...
Reading /home/qwer/git/cyclops/fvafrcu/contents/contents/ui.py...
Parsing file /home/qwer/git/cyclops/fvafrcu/contents/contents/ui.py...
Building group list...
Building directory list...
Building namespace list...
Building file list...
Building class list...
Associating documentation with classes...
Computing nesting relations for classes...
Building example list...
Searching for enumerations...
Searching for documented typedefs...
Searching for members imported via using declarations...
Searching for included using directives...
Searching for documented variables...
Building interface member list...
Building member list...
Searching for friends...
Searching for documented defines...
Computing class inheritance relations...
Computing class usage relations...
Flushing cached template relations that have become invalid...
Creating members for template instances...
Computing class relations...
Add enum values to enums...
Searching for member function documentation...
Building page list...
Search for main page...
Computing page relations...
Determining the scope of groups...
Sorting lists...
Freeing entry tree
Determining which enums are documented
Computing member relations...
Building full member lists recursively...
Adding members to member groups.
Computing member references...
Inheriting documentation...
Generating disk names...
Adding source references...
Adding xrefitems...
Sorting member lists...
Computing dependencies between directories...
Generating citations page...
Counting data structures...
Resolving user defined references...
Finding anchors and sections in the documentation...
Transferring function references...
Combining using relations...
Adding members to index pages...
Generating style sheet...
Generating search indices...
Generating example documentation...
Generating file sources...
Parsing code for file contents/__init__.py...
Parsing code for file contents/contents.py...
Parsing code for file contents/os.py...
Parsing code for file contents/ui.py...
Generating file documentation...
Generating docs for file contents/__init__.py...
Generating docs for file contents/contents.py...
Generating docs for file contents/os.py...
Generating docs for file contents/ui.py...
Generating page documentation...
Generating group documentation...
Generating class documentation...
Generating namespace index...
Generating docs for namespace contents
Generating docs for namespace contents::contents
Generating call graph for function contents.contents.get_toc
Generating docs for namespace contents::os
Generating call graph for function contents.os.pandoc
Generating docs for namespace contents::ui
Generating call graph for function contents.ui.contents
Generating graph info page...
Generating directory documentation...
Generating dependency graph for directory contents
Generating index page...
Generating page index...
Generating module index...
Generating namespace index...
Generating namespace member index...
Generating annotated compound index...
Generating alphabetical compound index...
Generating hierarchical class index...
Generating graphical class hierarchy...
Generating member index...
Generating file index...
Generating file member index...
Generating example index...
finalizing index lists...
Generating SQLITE3 output...
Initializing DB schema...
Generating Sqlite3 output for namespace contents
Generating Sqlite3 output for namespace contents::contents
unable to read file loc from[contents.contents::convert]
unable to read file loc from[contents.contents::extract_md]
Generating Sqlite3 output for namespace contents::os
unable to read file loc from[contents.os::is_tool]
unable to read file loc from[contents.contents::modify_path]
Generating Sqlite3 output for namespace contents::ui
unable to read file loc from[contents.contents::get_toc]
unable to read file loc from[contents.contents::modify_path]
unable to read file loc from[contents.os::pandoc]
Generating Sqlite3 output for file __init__.py
Generating Sqlite3 output for file contents.py
Generating Sqlite3 output for file os.py
Generating Sqlite3 output for file ui.py
Generating Sqlite3 output for dir /home/qwer/git/cyclops/fvafrcu/contents/contents/
Running dot...
Generating dot graphs using 3 parallel threads...
Running dot for graph 1/9
Running dot for graph 2/9
Running dot for graph 3/9
Running dot for graph 4/9
Running dot for graph 5/9
Running dot for graph 6/9
Running dot for graph 7/9
Running dot for graph 8/9
Running dot for graph 9/9
Patching output file 1/8
Patching output file 2/8
Patching output file 3/8
Patching output file 4/8
Patching output file 5/8
Patching output file 6/8
Patching output file 7/8
Patching output file 8/8
lookup cache used 14/65536 hits=16 misses=14
finished...
