************* Module excerpts.ui
R: 23, 0: Too many arguments (9/5) (too-many-arguments)


Report
======
111 statements analysed.

Statistics by type
------------------

+---------+-------+-----------+-----------+------------+---------+
|type     |number |old number |difference |%documented |%badname |
+=========+=======+===========+===========+============+=========+
|module   |5      |5          |=          |20.00       |0.00     |
+---------+-------+-----------+-----------+------------+---------+
|class    |0      |0          |=          |0           |0        |
+---------+-------+-----------+-----------+------------+---------+
|method   |0      |0          |=          |0           |0        |
+---------+-------+-----------+-----------+------------+---------+
|function |9      |9          |=          |11.11       |0.00     |
+---------+-------+-----------+-----------+------------+---------+



External dependencies
---------------------
::

    excerpts (excerpts.command_line)
      \-main (excerpts,excerpts.ui,excerpts.op)
      \-ui (excerpts)



Messages by category
--------------------

+-----------+-------+---------+-----------+
|type       |number |previous |difference |
+===========+=======+=========+===========+
|convention |0      |0        |=          |
+-----------+-------+---------+-----------+
|refactor   |1      |1        |=          |
+-----------+-------+---------+-----------+
|warning    |0      |0        |=          |
+-----------+-------+---------+-----------+
|error      |0      |0        |=          |
+-----------+-------+---------+-----------+



Messages
--------

+-------------------+------------+
|message id         |occurrences |
+===================+============+
|too-many-arguments |1           |
+-------------------+------------+



Global evaluation
-----------------
Your code has been rated at 9.91/10 (previous run: 9.91/10, +0.00)

Raw metrics
-----------

+----------+-------+------+---------+-----------+
|type      |number |%     |previous |difference |
+==========+=======+======+=========+===========+
|code      |186    |55.86 |182      |+4.00      |
+----------+-------+------+---------+-----------+
|docstring |20     |6.01  |20       |=          |
+----------+-------+------+---------+-----------+
|comment   |100    |30.03 |100      |=          |
+----------+-------+------+---------+-----------+
|empty     |27     |8.11  |27       |=          |
+----------+-------+------+---------+-----------+



Duplication
-----------

+-------------------------+------+---------+-----------+
|                         |now   |previous |difference |
+=========================+======+=========+===========+
|nb duplicated lines      |0     |0        |=          |
+-------------------------+------+---------+-----------+
|percent duplicated lines |0.000 |0.000    |=          |
+-------------------------+------+---------+-----------+



